18:35:34 DEBUG : Logs will be stored at 'C:/automate_snn_hls/snn_izhikevich/vitis/ws/IDE.log'.
18:35:38 INFO  : Platform repository initialization has completed.
18:35:38 INFO  : Registering command handlers for Vitis TCF serviaces
18:35:38 INFO  : Result from executing command 'getProjects': 
18:35:38 INFO  : Result from executing command 'getPlatforms': 
18:36:34 INFO  : Result from executing command 'getProjects': 
18:36:34 INFO  : Result from executing command 'getPlatforms': snn_izhikevich_pl|C:/automate_snn_hls/snn_izhikevich/vitis/ws/snn_izhikevich_pl/export/snn_izhikevich_pl/snn_izhikevich_pl.xpfm
18:36:34 INFO  : Result from executing command 'getProjects': 
18:36:34 INFO  : Result from executing command 'reportPlatform': {snn_izhikevich_pl={snn_izhikevich_dom={Os=standalone, DomainName=snn_izhikevich_dom, CpuType=cortex-a9, CpuInstance=ps7_cortexa9_0}}}
18:36:41 INFO  : plnx-install-location is set to ''
18:36:42 INFO  : Successfully done query RDI_DATADIR 
18:36:52 INFO  : Result from executing command 'reportApp': {fsblpath=C:/automate_snn_hls/snn_izhikevich/vitis/ws/snn_izhikevich_pl/export/snn_izhikevich_pl/sw/snn_izhikevich_pl/boot/fsbl.elf, Platform Path=C:/automate_snn_hls/snn_izhikevich/vitis/ws/snn_izhikevich_pl/export/snn_izhikevich_pl/snn_izhikevich_pl.xpfm, Domain=snn_izhikevich_dom, platform=snn_izhikevich_pl}
18:36:52 INFO  : Result from executing command 'reportPlatform': {snn_izhikevich_pl={snn_izhikevich_dom={Os=standalone, DomainName=snn_izhikevich_dom, CpuType=cortex-a9, CpuInstance=ps7_cortexa9_0}}}
18:36:52 INFO  : Result from executing command 'getDefinitions': {assembler-flags={description=Miscellaneous flags for assembler , props=add set}, build-config={values=Debug,Release, description=Get/set build configuration, props=set}, library-search-path={description=Search path for the libraries added, props=add remove}, compiler-misc={description=Compiler miscellaneous flags, props=add set}, define-compiler-symbols={description=Define symbols. Ex. MYSYMBOL, props=add remove}, compiler-optimization={values=None (-O0), Optimize (-O1), Optimize more (-O2), Optimize most (-O3), Optimize for size (-Os), description=Optimization level, props=set}, libraries={description=Libraries to be added while linking, props=add remove}, undef-compiler-symbols={description=Undefine symbols. Ex. MYSYMBOL, props=add remove}, linker-misc={description=Linker miscellaneous flags, props=add set}, include-path={description=Include path for header files, props=add remove}, linker-script={description=Linker script for linking the program sections, props=set}}
18:36:52 INFO  : Result from executing command 'getProjects': snn_izhikevich_app;snn_izhikevich_sys
18:36:52 INFO  : Result from executing command 'set': null
18:36:52 INFO  : Build configuration of 'snn_izhikevich_sys' is updated to 'Release'
18:36:52 INFO  : Build configuration of system project is automatically updated to 'Release'.
18:36:52 INFO  : Checking for BSP changes to sync application flags for project 'snn_izhikevich_app'...
18:36:55 ERROR : xsct server communication channel has closed unexpectedly.
java.net.SocketException: Connection reset
	at java.net.SocketInputStream.read(SocketInputStream.java:186) ~[?:?]
	at java.net.SocketInputStream.read(SocketInputStream.java:140) ~[?:?]
	at java.io.BufferedInputStream.read1(BufferedInputStream.java:290) ~[?:?]
	at java.io.BufferedInputStream.read(BufferedInputStream.java:351) ~[?:?]
	at java.io.FilterInputStream.read(FilterInputStream.java:107) ~[?:?]
	at org.eclipse.tcf.core.ChannelTCP.get(ChannelTCP.java:186) ~[org.eclipse.tcf.core_1.7.0.202305040745.jar:?]
	at org.eclipse.tcf.core.StreamChannel.read(StreamChannel.java:85) ~[org.eclipse.tcf.core_1.7.0.202305040745.jar:?]
	at org.eclipse.tcf.core.AbstractChannel$1.run(AbstractChannel.java:329) ~[org.eclipse.tcf.core_1.7.0.202305040745.jar:?]
